[I 2025-03-15 14:11:42.839 ServerApp] jupyter_lsp | extension was successfully linked.
[I 2025-03-15 14:11:42.843 ServerApp] jupyter_server_terminals | extension was successfully linked.
[I 2025-03-15 14:11:42.847 ServerApp] jupyterlab | extension was successfully linked.
[I 2025-03-15 14:11:42.851 ServerApp] notebook | extension was successfully linked.
[I 2025-03-15 14:11:43.201 ServerApp] notebook_shim | extension was successfully linked.
[I 2025-03-15 14:11:43.241 ServerApp] notebook_shim | extension was successfully loaded.
[I 2025-03-15 14:11:43.243 ServerApp] jupyter_lsp | extension was successfully loaded.
[I 2025-03-15 14:11:43.244 ServerApp] jupyter_server_terminals | extension was successfully loaded.
[I 2025-03-15 14:11:43.246 LabApp] JupyterLab extension loaded from C:\Users\gavin\AppData\Local\Packages\PythonSoftwareFoundation.Python.3.13_qbz5n2kfra8p0\LocalCache\local-packages\Python313\site-packages\jupyterlab
[I 2025-03-15 14:11:43.246 LabApp] JupyterLab application directory is C:\Users\gavin\AppData\Local\Packages\PythonSoftwareFoundation.Python.3.13_qbz5n2kfra8p0\LocalCache\local-packages\share\jupyter\lab
[I 2025-03-15 14:11:43.247 LabApp] Extension Manager is 'pypi'.
[I 2025-03-15 14:11:43.556 ServerApp] jupyterlab | extension was successfully loaded.
[I 2025-03-15 14:11:43.560 ServerApp] notebook | extension was successfully loaded.
[I 2025-03-15 14:11:43.562 ServerApp] Serving notebooks from local directory: C:\Users\gavin\Documents\ds_files
[I 2025-03-15 14:11:43.562 ServerApp] Jupyter Server 2.15.0 is running at:
[I 2025-03-15 14:11:43.562 ServerApp] http://localhost:8888/tree?token=82ea918f40457214022aec54943e8d529dcf549ca5f4e5a2
[I 2025-03-15 14:11:43.562 ServerApp]     http://127.0.0.1:8888/tree?token=82ea918f40457214022aec54943e8d529dcf549ca5f4e5a2
[I 2025-03-15 14:11:43.562 ServerApp] Use Control-C to stop this server and shut down all kernels (twice to skip confirmation).
[C 2025-03-15 14:11:43.577 ServerApp] 
    
    To access the server, open this file in a browser:
        file:///C:/Users/gavin/AppData/Local/Packages/PythonSoftwareFoundation.Python.3.13_qbz5n2kfra8p0/LocalCache/Roaming/jupyter/runtime/jpserver-12448-open.html
    Or copy and paste one of these URLs:
        http://localhost:8888/tree?token=82ea918f40457214022aec54943e8d529dcf549ca5f4e5a2
        http://127.0.0.1:8888/tree?token=82ea918f40457214022aec54943e8d529dcf549ca5f4e5a2
[I 2025-03-15 14:11:43.676 ServerApp] Skipped non-installed server(s): bash-language-server, dockerfile-language-server-nodejs, javascript-typescript-langserver, jedi-language-server, julia-language-server, pyright, python-language-server, python-lsp-server, r-languageserver, sql-language-server, texlab, typescript-language-server, unified-language-server, vscode-css-languageserver-bin, vscode-html-languageserver-bin, vscode-json-languageserver-bin, yaml-language-server
[I 2025-03-15 17:08:30.773 ServerApp] Kernel started: fae13293-0b8c-48b1-98f8-88e54403befb
[I 2025-03-15 17:08:31.801 ServerApp] Connecting to kernel fae13293-0b8c-48b1-98f8-88e54403befb.
[I 2025-03-15 17:08:31.807 ServerApp] Connecting to kernel fae13293-0b8c-48b1-98f8-88e54403befb.
[I 2025-03-15 17:08:31.831 ServerApp] Connecting to kernel fae13293-0b8c-48b1-98f8-88e54403befb.
[I 2025-03-15 17:08:37.143 ServerApp] Connecting to kernel fae13293-0b8c-48b1-98f8-88e54403befb.
[I 2025-03-15 17:11:14.915 ServerApp] Saving file at /Riddler.ipynb
[I 2025-03-15 17:13:14.973 ServerApp] Saving file at /Riddler.ipynb
[I 2025-03-15 17:15:15.124 ServerApp] Saving file at /Riddler.ipynb
[I 2025-03-15 17:17:15.238 ServerApp] Saving file at /Riddler.ipynb
[I 2025-03-15 17:19:15.295 ServerApp] Saving file at /Riddler.ipynb
[I 2025-03-15 17:21:15.416 ServerApp] Saving file at /Riddler.ipynb
[I 2025-03-15 17:23:15.530 ServerApp] Saving file at /Riddler.ipynb
[I 2025-03-15 17:25:15.659 ServerApp] Saving file at /Riddler.ipynb
[I 2025-03-15 17:27:15.748 ServerApp] Saving file at /Riddler.ipynb
[I 2025-03-15 17:29:15.894 ServerApp] Saving file at /Riddler.ipynb
[I 2025-03-15 17:31:16.017 ServerApp] Saving file at /Riddler.ipynb
[I 2025-03-15 17:33:16.132 ServerApp] Saving file at /Riddler.ipynb
[I 2025-03-15 17:35:16.255 ServerApp] Saving file at /Riddler.ipynb
[I 2025-03-15 17:37:16.387 ServerApp] Saving file at /Riddler.ipynb
[I 2025-03-15 17:39:16.530 ServerApp] Saving file at /Riddler.ipynb
[I 2025-03-15 17:41:16.638 ServerApp] Saving file at /Riddler.ipynb
[I 2025-03-15 17:43:16.764 ServerApp] Saving file at /Riddler.ipynb
[I 2025-03-15 17:45:16.953 ServerApp] Saving file at /Riddler.ipynb
[I 2025-03-15 17:47:17.114 ServerApp] Saving file at /Riddler.ipynb
[I 2025-03-15 17:49:17.274 ServerApp] Saving file at /Riddler.ipynb
[I 2025-03-15 17:51:17.434 ServerApp] Saving file at /Riddler.ipynb
[I 2025-03-15 17:53:17.547 ServerApp] Saving file at /Riddler.ipynb
[I 2025-03-15 17:55:17.657 ServerApp] Saving file at /Riddler.ipynb
[I 2025-03-15 17:57:17.755 ServerApp] Saving file at /Riddler.ipynb
[I 2025-03-15 17:59:17.885 ServerApp] Saving file at /Riddler.ipynb
[I 2025-03-15 18:01:18.033 ServerApp] Saving file at /Riddler.ipynb
[I 2025-03-15 18:03:18.160 ServerApp] Saving file at /Riddler.ipynb
[I 2025-03-15 18:05:18.296 ServerApp] Saving file at /Riddler.ipynb
[I 2025-03-15 18:07:18.427 ServerApp] Saving file at /Riddler.ipynb
[I 2025-03-15 18:09:18.533 ServerApp] Saving file at /Riddler.ipynb
[I 2025-03-15 18:11:18.613 ServerApp] Saving file at /Riddler.ipynb
[I 2025-03-15 18:13:18.746 ServerApp] Saving file at /Riddler.ipynb
[I 2025-03-15 18:17:19.166 ServerApp] Saving file at /Riddler.ipynb
[I 2025-03-15 18:33:28.664 ServerApp] Starting buffering for fae13293-0b8c-48b1-98f8-88e54403befb:4dff4dbd-d885-4b97-b093-bad385ddd11a
[I 2025-03-16 11:58:40.963 ServerApp] Connecting to kernel fae13293-0b8c-48b1-98f8-88e54403befb.
[I 2025-03-16 11:58:40.964 ServerApp] Restoring connection for fae13293-0b8c-48b1-98f8-88e54403befb:4dff4dbd-d885-4b97-b093-bad385ddd11a
[I 2025-03-16 12:00:38.602 ServerApp] Saving file at /Riddler.ipynb
[I 2025-03-16 12:02:38.671 ServerApp] Saving file at /Riddler.ipynb
[I 2025-03-16 12:04:38.738 ServerApp] Saving file at /Riddler.ipynb
[I 2025-03-16 12:06:38.787 ServerApp] Saving file at /Riddler.ipynb
[I 2025-03-16 12:08:38.853 ServerApp] Saving file at /Riddler.ipynb
[I 2025-03-16 12:10:38.930 ServerApp] Saving file at /Riddler.ipynb
[I 2025-03-16 12:12:39.000 ServerApp] Saving file at /Riddler.ipynb
[I 2025-03-16 12:26:55.049 ServerApp] Starting buffering for fae13293-0b8c-48b1-98f8-88e54403befb:4dff4dbd-d885-4b97-b093-bad385ddd11a
[I 2025-03-16 12:34:14.918 ServerApp] Connecting to kernel fae13293-0b8c-48b1-98f8-88e54403befb.
[I 2025-03-16 12:34:14.918 ServerApp] Restoring connection for fae13293-0b8c-48b1-98f8-88e54403befb:4dff4dbd-d885-4b97-b093-bad385ddd11a
[I 2025-03-16 12:36:11.575 ServerApp] Saving file at /Riddler.ipynb
[I 2025-03-16 12:38:11.628 ServerApp] Saving file at /Riddler.ipynb
[I 2025-03-16 12:40:11.720 ServerApp] Saving file at /Riddler.ipynb
[I 2025-03-16 12:42:11.825 ServerApp] Saving file at /Riddler.ipynb
[I 2025-03-16 12:44:11.908 ServerApp] Saving file at /Riddler.ipynb
[I 2025-03-16 12:46:11.961 ServerApp] Saving file at /Riddler.ipynb
[I 2025-03-16 12:48:12.940 ServerApp] Saving file at /Riddler.ipynb
[I 2025-03-16 13:34:14.715 ServerApp] Starting buffering for fae13293-0b8c-48b1-98f8-88e54403befb:4dff4dbd-d885-4b97-b093-bad385ddd11a
[I 2025-03-16 16:54:55.536 ServerApp] Connecting to kernel fae13293-0b8c-48b1-98f8-88e54403befb.
[I 2025-03-16 16:54:55.537 ServerApp] Restoring connection for fae13293-0b8c-48b1-98f8-88e54403befb:4dff4dbd-d885-4b97-b093-bad385ddd11a
[I 2025-03-16 16:56:53.829 ServerApp] Saving file at /Riddler.ipynb
[I 2025-03-16 16:58:53.878 ServerApp] Saving file at /Riddler.ipynb
[I 2025-03-16 17:00:53.945 ServerApp] Saving file at /Riddler.ipynb
[I 2025-03-16 17:02:54.001 ServerApp] Saving file at /Riddler.ipynb
[I 2025-03-16 17:04:54.062 ServerApp] Saving file at /Riddler.ipynb
[I 2025-03-16 17:06:54.134 ServerApp] Saving file at /Riddler.ipynb
[I 2025-03-16 17:10:54.190 ServerApp] Saving file at /Riddler.ipynb
[I 2025-03-16 17:14:54.244 ServerApp] Saving file at /Riddler.ipynb
[I 2025-03-16 17:16:54.306 ServerApp] Saving file at /Riddler.ipynb
[I 2025-03-16 17:18:54.437 ServerApp] Saving file at /Riddler.ipynb
[I 2025-03-16 17:20:54.489 ServerApp] Saving file at /Riddler.ipynb
[I 2025-03-16 17:22:54.577 ServerApp] Saving file at /Riddler.ipynb
[I 2025-03-16 17:24:54.650 ServerApp] Saving file at /Riddler.ipynb
[I 2025-03-16 17:26:54.706 ServerApp] Saving file at /Riddler.ipynb
[I 2025-03-16 17:28:54.752 ServerApp] Saving file at /Riddler.ipynb
[I 2025-03-16 17:30:54.801 ServerApp] Saving file at /Riddler.ipynb
[I 2025-03-16 17:32:54.848 ServerApp] Saving file at /Riddler.ipynb
[I 2025-03-16 17:34:54.909 ServerApp] Saving file at /Riddler.ipynb
[I 2025-03-16 17:36:54.956 ServerApp] Saving file at /Riddler.ipynb
[I 2025-03-16 17:38:55.029 ServerApp] Saving file at /Riddler.ipynb
[I 2025-03-16 17:40:55.080 ServerApp] Saving file at /Riddler.ipynb
[I 2025-03-16 17:42:55.150 ServerApp] Saving file at /Riddler.ipynb
[I 2025-03-16 17:44:55.537 ServerApp] Saving file at /Riddler.ipynb
[I 2025-03-16 17:46:55.593 ServerApp] Saving file at /Riddler.ipynb
[I 2025-03-16 17:48:55.643 ServerApp] Saving file at /Riddler.ipynb
[I 2025-03-16 17:50:55.704 ServerApp] Saving file at /Riddler.ipynb
[I 2025-03-16 17:52:55.775 ServerApp] Saving file at /Riddler.ipynb
[I 2025-03-16 17:53:35.086 ServerApp] Kernel restarted: fae13293-0b8c-48b1-98f8-88e54403befb
[I 2025-03-16 17:53:35.090 ServerApp] Starting buffering for fae13293-0b8c-48b1-98f8-88e54403befb:4dff4dbd-d885-4b97-b093-bad385ddd11a
[I 2025-03-16 17:53:35.094 ServerApp] Connecting to kernel fae13293-0b8c-48b1-98f8-88e54403befb.
[I 2025-03-16 17:53:35.094 ServerApp] Restoring connection for fae13293-0b8c-48b1-98f8-88e54403befb:4dff4dbd-d885-4b97-b093-bad385ddd11a
[W 2025-03-16 17:53:39.669 ServerApp] Nudge: attempt 10 on kernel fae13293-0b8c-48b1-98f8-88e54403befb
[I 2025-03-16 17:54:55.840 ServerApp] Saving file at /Riddler.ipynb
[I 2025-03-16 17:56:55.887 ServerApp] Saving file at /Riddler.ipynb
[I 2025-03-16 17:58:55.943 ServerApp] Saving file at /Riddler.ipynb
[I 2025-03-16 18:00:55.996 ServerApp] Saving file at /Riddler.ipynb
[I 2025-03-16 18:02:56.058 ServerApp] Saving file at /Riddler.ipynb
[I 2025-03-16 18:04:56.102 ServerApp] Saving file at /Riddler.ipynb
[I 2025-03-16 18:06:56.147 ServerApp] Saving file at /Riddler.ipynb
[I 2025-03-16 18:10:56.201 ServerApp] Saving file at /Riddler.ipynb
[I 2025-03-16 18:12:56.267 ServerApp] Saving file at /Riddler.ipynb
[I 2025-03-16 18:13:31.118 ServerApp] Kernel restarted: fae13293-0b8c-48b1-98f8-88e54403befb
[I 2025-03-16 18:13:31.121 ServerApp] Starting buffering for fae13293-0b8c-48b1-98f8-88e54403befb:4dff4dbd-d885-4b97-b093-bad385ddd11a
[I 2025-03-16 18:13:31.127 ServerApp] Connecting to kernel fae13293-0b8c-48b1-98f8-88e54403befb.
[I 2025-03-16 18:13:31.127 ServerApp] Restoring connection for fae13293-0b8c-48b1-98f8-88e54403befb:4dff4dbd-d885-4b97-b093-bad385ddd11a
[I 2025-03-16 18:13:43.605 ServerApp] Saving file at /Riddler.ipynb
[I 2025-03-16 18:21:23.949 ServerApp] Starting buffering for fae13293-0b8c-48b1-98f8-88e54403befb:4dff4dbd-d885-4b97-b093-bad385ddd11a
[I 2025-03-17 16:59:10.682 ServerApp] Connecting to kernel fae13293-0b8c-48b1-98f8-88e54403befb.
[I 2025-03-17 16:59:10.989 ServerApp] Starting buffering for fae13293-0b8c-48b1-98f8-88e54403befb:15e81d8c-1c17-42d5-acf3-9d7eb93b4928
[I 2025-03-17 17:24:22.717 ServerApp] Connecting to kernel fae13293-0b8c-48b1-98f8-88e54403befb.
[I 2025-03-17 17:24:23.232 ServerApp] Starting buffering for fae13293-0b8c-48b1-98f8-88e54403befb:712548c8-a7c8-49ec-b53e-431151418a99
[I 2025-03-17 17:24:23.480 ServerApp] Connecting to kernel fae13293-0b8c-48b1-98f8-88e54403befb.
[I 2025-03-17 17:28:16.189 ServerApp] Saving file at /20250316 Pi-land Picnic.ipynb
[I 2025-03-17 17:32:16.291 ServerApp] Saving file at /20250316 Pi-land Picnic.ipynb
[I 2025-03-17 17:34:16.421 ServerApp] Saving file at /20250316 Pi-land Picnic.ipynb
[I 2025-03-17 17:36:17.098 ServerApp] Saving file at /20250316 Pi-land Picnic.ipynb
[I 2025-03-17 17:38:17.239 ServerApp] Saving file at /20250316 Pi-land Picnic.ipynb
[I 2025-03-17 18:39:53.863 ServerApp] Kernel restarted: fae13293-0b8c-48b1-98f8-88e54403befb
[I 2025-03-17 18:39:53.869 ServerApp] Starting buffering for fae13293-0b8c-48b1-98f8-88e54403befb:72a13b55-1ed9-4000-8e65-a3b93044a977
[I 2025-03-17 18:39:53.877 ServerApp] Connecting to kernel fae13293-0b8c-48b1-98f8-88e54403befb.
[I 2025-03-17 18:39:53.877 ServerApp] Restoring connection for fae13293-0b8c-48b1-98f8-88e54403befb:72a13b55-1ed9-4000-8e65-a3b93044a977
[W 2025-03-17 18:39:58.439 ServerApp] Nudge: attempt 10 on kernel fae13293-0b8c-48b1-98f8-88e54403befb
[I 2025-03-17 18:39:59.102 ServerApp] Saving file at /20250316 Pi-land Picnic.ipynb
[I 2025-03-17 18:40:13.146 ServerApp] Saving file at /20250316 Pi-land Picnic.ipynb
[I 2025-03-17 18:40:16.233 ServerApp] Kernel shutdown: fae13293-0b8c-48b1-98f8-88e54403befb
